2019-09-25T02:31:03.677Z - normal: Load ~/.CocosCreator/settings.json
2019-09-25T02:31:03.732Z - normal: Initializing Asset Database
2019-09-25T02:31:03.735Z - normal: checking language setting...
2019-09-25T02:31:03.735Z - normal: Language: zh
2019-09-25T02:31:04.440Z - success: preview server running at http://localhost:7456
2019-09-25T02:31:04.472Z - success: protocol editor-framework registered
2019-09-25T02:31:04.472Z - success: protocol app registered
2019-09-25T02:31:04.472Z - success: protocol theme registered
2019-09-25T02:31:04.472Z - success: protocol packages registered
2019-09-25T02:31:04.472Z - success: protocol uuid registerred
2019-09-25T02:31:04.472Z - success: protocol db registerred
2019-09-25T02:31:04.472Z - success: protocol thumbnail registerred
2019-09-25T02:31:04.473Z - success: protocol unpack registerred
2019-09-25T02:31:04.473Z - success: protocol disable-commonjs registerred
2019-09-25T02:31:04.692Z - normal: connected!
2019-09-25T02:31:04.694Z - normal: Check project /Users/jensenfong/Library/Mobile Documents/com~apple~CloudDocs/cocos/Jensen
2019-09-25T02:31:04.695Z - normal: Initializing project /Users/jensenfong/Library/Mobile Documents/com~apple~CloudDocs/cocos/Jensen
2019-09-25T02:31:05.042Z - normal: Initializing Cocos2d
2019-09-25T02:31:05.713Z - normal: Initializing engine extends
2019-09-25T02:31:05.763Z - success: asset-db-debugger loaded
2019-09-25T02:31:05.766Z - success: baidu-adapter loaded
2019-09-25T02:31:05.770Z - success: color-picker loaded
2019-09-25T02:31:05.884Z - success: fb-audience-network loaded
2019-09-25T02:31:05.944Z - success: fb-live-stream loaded
2019-09-25T02:31:05.951Z - success: google-play-instant loaded
2019-09-25T02:31:05.956Z - success: huawei-runtime loaded
2019-09-25T02:31:06.202Z - success: cpk-publish loaded
2019-09-25T02:31:06.204Z - success: jsb-adapter loaded
2019-09-25T02:31:06.210Z - success: oppo-runtime loaded
2019-09-25T02:31:06.222Z - success: package-manager loaded
2019-09-25T02:31:06.354Z - success: qqplay-adapter loaded
2019-09-25T02:31:06.357Z - success: runtime-dev-tools loaded
2019-09-25T02:31:06.367Z - success: sdkbox loaded
2019-09-25T02:31:06.378Z - success: tester loaded
2019-09-25T02:31:06.389Z - success: ui-grid loaded
2019-09-25T02:31:06.398Z - success: ui-kit-preview-extra loaded
2019-09-25T02:31:06.406Z - success: ui-kit-preview loaded
2019-09-25T02:31:06.414Z - success: ui-kit loaded
2019-09-25T02:31:06.423Z - success: ui-tree loaded
2019-09-25T02:31:06.428Z - success: vivo-runtime loaded
2019-09-25T02:31:06.429Z - success: weapp-adapter loaded
2019-09-25T02:31:06.431Z - success: xiaomi-adapter loaded
2019-09-25T02:31:06.474Z - success: assets loaded
2019-09-25T02:31:06.482Z - success: builder loaded
2019-09-25T02:31:06.761Z - success: cocos-services loaded
2019-09-25T02:31:06.773Z - success: console loaded
2019-09-25T02:31:06.806Z - success: fb-instant-games loaded
2019-09-25T02:31:06.815Z - success: game-window loaded
2019-09-25T02:31:06.817Z - success: google-instant-games loaded
2019-09-25T02:31:06.826Z - success: hierarchy loaded
2019-09-25T02:31:06.836Z - success: inspector loaded
2019-09-25T02:31:06.837Z - success: keystore loaded
2019-09-25T02:31:06.846Z - success: node-library loaded
2019-09-25T02:31:06.847Z - success: package-asset loaded
2019-09-25T02:31:06.848Z - success: preferences loaded
2019-09-25T02:31:06.856Z - success: project-exporter loaded
2019-09-25T02:31:06.866Z - success: project-importer loaded
2019-09-25T02:31:06.875Z - success: project-settings loaded
2019-09-25T02:31:06.887Z - success: scene loaded
2019-09-25T02:31:06.889Z - success: simulator-debugger loaded
2019-09-25T02:31:06.889Z - success: sprite-editor loaded
2019-09-25T02:31:06.899Z - success: store loaded
2019-09-25T02:31:06.912Z - success: timeline loaded
2019-09-25T02:31:06.915Z - success: xiaomi-runtime loaded
2019-09-25T02:31:07.722Z - normal: Loading packages
2019-09-25T02:31:07.727Z - normal: Watching packages
2019-09-25T02:31:07.801Z - normal: Run Application
2019-09-25T02:31:08.391Z - info: Cocos Services load base data!
